-------------------------------------------------------------
Recording log at Tue Feb  3 13:28:55 1998
Examined but no match for URL : www.theage.com.au:80/daily/980201/sport/sport7.html
Examined but no match for URL : www.smh.com.au:80/daily/content/980203/national/national6.html
Examined but no match for URL : www.smh.com.au:80/daily/content/980203/world/world2.html
Examined but no match for URL : www.smh.com.au:80/mail.html
Examined but no match for URL : www.smh.com.au:80/daily/content/980203/pageone/pageone14.html
Examined and match for URL : www.smh.com.au:80/daily/content/980203/sport/sport3.html
Examined but no match for URL : www.smh.com.au:80/daily/content/980203/eletters/mailto:sport@smh.fairfax.com.au
Examined but no match for URL : www.smh.com.au:80/daily/content/980203/world/world6.html
Examined and match for URL : www.smh.com.au:80/daily/content/980203/sport/sport7.html
Examined but no match for URL : www.smh.com.au:80/daily/content/980203/business/business3.html
Examined but no match for URL : www.smh.com.au:80/cgi-bin/imagemap/daily/maps/compass2.map
Examined but no match for URL : www.theage.com.au:80/daily/980203/sport/index.html
Examined but no match for URL : www.theage.com.au:80/daily/bus
Examined but no match for URL : www.smh.com.au:80/daily/content/980203/national/national12.html
Examined but no match for URL : www.smh.com.au:80/daily/content/980203/business/business7.html
Examined but no match for URL : www.theage.com.au:80/special/soccer/index.htm
Examined but no match for URL : www.smh.com.au:80/daily/content/980203/pageone/pageone3.html
Examined but no match for URL : www.smh.com.au:80/daily/content/980203/eletters/mailto:column8@smh.fairfax.com.au
Examined but no match for URL : www.smh.com.au:80/daily/content/980203/world/world12.html
Examined but no match for URL : www.smh.com.au:80/daily/content/980203/columns/columns1.html
Examined but no match for URL : www.smh.com.au:80/daily/content/features/travel/
Examined but no match for URL : www.smh.com.au:80/daily/content/980203/pageone/pageone7.html
Examined but no match for URL : www.theage.com.au:80/daily/sport
Examined but no match for URL : www.smh.com.au:80/
Examined but no match for URL : www.smh.com.au:80/daily/content/eastershow/
Examined but no match for URL : www.theage.com.au:80/footy/index.html
Examined but no match for URL : www.smh.com.au:80/daily/content/980203/national/national3.html
Examined but no match for URL : www.smh.com.au:80/daily/
Examined and match for URL : www.theage.com.au:80/daily/980203/sport/sport4.html
Examined but no match for URL : www.smh.com.au:80/daily/content/features/features/index.html
Examined but no match for URL : www.smh.com.au:80/daily/content/980203/pageone/pageone11.html
Examined but no match for URL : www.theage.com.au:80/daily/980201/sport/sport8.html
Examined but no match for URL : www.smh.com.au:80/daily/content/980203/national/national7.html
Examined but no match for URL : www.smh.com.au:80/daily/content/980203/world/world3.html
Examined but no match for URL : www.smh.com.au:80/daily/content/980203/mailto:news@smh.com.au
Examined but no match for URL : www.smh.com.au:80/daily/content/980203/sport/sport4.html
Examined but no match for URL : www.smh.com.au:80/daily/content/980203/world/world7.html
Examined and match for URL : www.smh.com.au:80/daily/content/980203/sport/sport8.html
Examined but no match for URL : www.theage.com.au:80/daily/980128/sport/sport8.html
Examined but no match for URL : www.smh.com.au:80/daily/content/980203/business/business4.html
Examined but no match for URL : www.smh.com.au:80/daily/content/shine/
Examined but no match for URL : www.smh.com.au:80/daily/content/980203/national/national13.html
Examined but no match for URL : www.smh.com.au:80/daily/content/features/employment/
Examined but no match for URL : www.smh.com.au:80/daily/content/980203/business/business8.html
Examined but no match for URL : www.theage.com.au:80/cricket/index.html
Examined but no match for URL : www.smh.com.au:80/daily/content/980203/pageone/pageone4.html
Examined but no match for URL : www.smh.com.au:80/daily/content/980203/columns/columns2.html
Examined but no match for URL : www.theage.com.au:80/sport/bballindex.htm
Examined but no match for URL : www.smh.com.au:80/daily/content/980203/pageone/pageone8.html
Examined but no match for URL : www.theage.com.au:80/daily/980115/bus/bus16.html
Examined but no match for URL : www.smh.com.au:80/daily/content/980203/eletters/mailto:news@smh.com.au
Examined and match for URL : www.theage.com.au:80/daily/980203/sport/sport1.html
Examined but no match for URL : www.smh.com.au:80/daily/content/PNG/
Examined but no match for URL : www.smh.com.au:80/daily/content/980203/eletters/mailto:sit@smh.fairfax.com.au
Examined but no match for URL : www.theage.com.au:80/swim98/index.html
Examined but no match for URL : www.theage.com.au:80/daily/980201/sport/sport5.html
Examined but no match for URL : www.smh.com.au:80/daily/search/index.html
Examined but no match for URL : www.smh.com.au:80/daily/content/980203/national/national4.html
Examined and match for URL : www.theage.com.au:80/daily/980203/sport/sport5.html
Examined but no match for URL : www.smh.com.au:80/daily/content/980203/pageone/pageone12.html
Examined and match for URL : www.smh.com.au:80/daily/content/980203/sport/sport1.html
Examined but no match for URL : www.theage.com.au:80/
Examined but no match for URL : www.smh.com.au:80/daily/archive.html
Examined but no match for URL : www.smh.com.au:80/daily/content/980203/world/world4.html
Examined but no match for URL : www.smh.com.au:80/daily/content/980203/national/national8.html
Examined and match for URL : www.smh.com.au:80/daily/content/980203/sport/sport5.html
Examined but no match for URL : www.theage.com.au:80/agesearch
Examined but no match for URL : www.theage.com.au:80/daily/980125/sport/sport7.html
Examined but no match for URL : www.theage.com.au:80/daily/980203/sport/#top
Examined but no match for URL : www.smh.com.au:80/daily/content/980203/world/world8.html
Examined but no match for URL : www.smh.com.au:80/daily/content/980203/business/business1.html
Examined but no match for URL : www.smh.com.au:80/daily/content/980203/business/business5.html
Examined but no match for URL : www.smh.com.au:80/daily/content/980203/national/national10.html
Examined but no match for URL : www.theage.com.au:80/tennis98/index.html
Examined but no match for URL : www.smh.com.au:80/daily/content/980203/pageone/pageone1.html
Examined but no match for URL : www.smh.com.au:80/daily/content/980203/eletters/eletters.html
Examined but no match for URL : www.theage.com.au:80/daily/980203/sport/
Examined but no match for URL : www.smh.com.au:80/cgi-bin/imagemap/daily/maps/bb2b-home.map
Examined but no match for URL : www.smh.com.au:80/daily/content/980203/world/world10.html
Examined but no match for URL : www.theage.com.au:80/infotech
Examined but no match for URL : www.smh.com.au:80/daily/content/980203/pageone/pageone5.html
Examined but no match for URL : www.theage.com.au:80/special/drugs/index.htm
Examined but no match for URL : www.smh.com.au:80/daily/content/980203/pageone/pageone9.html
Examined but no match for URL : www.theage.com.au:80/subscriptions
Examined but no match for URL : www.smh.com.au:80/daily/content/980203/national/national1.html
Examined and match for URL : www.theage.com.au:80/daily/980203/sport/sport2.html
Examined but no match for URL : www.theage.com.au:80/daily/980201/sport/sport6.html
Examined but no match for URL : www.smh.com.au:80/daily/content/carr/
Examined but no match for URL : www.theage.com.au:80/racing/index.html
Examined but no match for URL : www.smh.com.au:80/daily/content/980203/world/world1.html
Examined but no match for URL : www.smh.com.au:80/daily/content/980203/national/national5.html
Examined but no match for URL : www.theage.com.au:80/daily/news
Examined and match for URL : www.theage.com.au:80/daily/980203/sport/sport6.html
Examined but no match for URL : www.smh.com.au:80/daily/content/980203/pageone/pageone13.html
Examined and match for URL : www.smh.com.au:80/daily/content/980203/sport/sport2.html
Examined but no match for URL : www.smh.com.au:80/daily/content/980203/pageone/column8.html
Examined but no match for URL : www.smh.com.au:80/daily/content/980203/world/world5.html
Examined but no match for URL : www.smh.com.au:80/daily/content/features/features/
Examined but no match for URL : www.smh.com.au:80/daily/content/980203/national/national9.html
Examined and match for URL : www.smh.com.au:80/daily/content/980203/sport/sport6.html
Examined but no match for URL : www.theage.com.au:80/daily/980125/sport/sport8.html
Examined but no match for URL : www.theage.com.au:80/special/arbeit/index.htm
Examined but no match for URL : www.smh.com.au:80/daily/content/980203/world/world9.html
Examined but no match for URL : www.smh.com.au:80/daily/content/980203/business/business2.html
Examined but no match for URL : www.smh.com.au:80/daily/content/features/property/
Examined but no match for URL : www.smh.com.au:80/daily/welcome.html
Examined but no match for URL : www.smh.com.au:80/daily/content/980203/business/business6.html
Examined but no match for URL : www.smh.com.au:80/daily/content/features/archive/970419-index.html
Examined but no match for URL : www.smh.com.au:80/daily/content/980203/
Examined but no match for URL : www.smh.com.au:80/daily/content/980203/national/national11.html
Examined but no match for URL : www.smh.com.au:80/cgi-bin/imagemap/daily/maps/bb2-sub.map
Examined but no match for URL : www.smh.com.au:80/daily/content/980203/pageone/pageone2.html
Examined but no match for URL : www.smh.com.au:80/daily/content/980203/world/world11.html
Examined but no match for URL : www.smh.com.au:80/daily/content/980203/pageone/pageone6.html
Examined but no match for URL : www.theage.com.au:80/grandprix/mn_main.htm
Examined but no match for URL : www.smh.com.au:80/daily/content/980203/national/national2.html
Examined and match for URL : www.theage.com.au:80/daily/980203/sport/sport3.html
Examined but no match for URL : www.smh.com.au:80/daily/content/980203/pageone/pageone10.html
Examined: 105     Matched: 13      Total: 118
WebWillow started at Tue Feb  3 13:28:30 1998 and finished at Tue Feb  3 13:28:55 1998
